#
# A fatal error has been detected by the Java Runtime Environment:
#
#  SIGSEGV (0xb) at pc=0x000000010b032d10, pid=1975, tid=16899
#
# JRE version: Java(TM) SE Runtime Environment (8.0_45-b14) (build 1.8.0_45-b14)
# Java VM: Java HotSpot(TM) 64-Bit Server VM (25.45-b02 mixed mode bsd-amd64 compressed oops)
# Problematic frame:
# V  [libjvm.dylib+0x432d10]  Method::checked_resolve_jmethod_id(_jmethodID*)+0xe
#
# Failed to write core dump. Core dumps have been disabled. To enable core dumping, try "ulimit -c unlimited" before starting Java again
#
# If you would like to submit a bug report, please visit:
#   http://bugreport.java.com/bugreport/crash.jsp
#

---------------  T H R E A D  ---------------

Current thread (0x00007fd8b1834800):  JavaThread "JDWP Transport Listener: dt_socket" daemon [_thread_in_vm, id=16899, stack(0x0000000128205000,0x0000000128305000)]

siginfo: si_signo: 11 (SIGSEGV), si_code: 0 (unknown), si_addr: 0x0000000000000000

Registers:
RAX=0x0000000000000001, RBX=0x0000000128304a8b, RCX=0x000000010b3fa190, RDX=0x0000000128304a8b
RSP=0x00000001283049d0, RBP=0x00000001283049e0, RSI=0x00007fd8b1834800, RDI=0x5000000000000000
R8 =0x0000000000000000, R9 =0x00007fd8b2900000, R10=0x0000000000000010, R11=0x00007fd8b2900000
R12=0x00007fd8b1834800, R13=0x5000000000000000, R14=0x5000000000000000, R15=0x00007fd8b07024b0
RIP=0x000000010b032d10, EFLAGS=0x0000000000010206, ERR=0x0000000000000000
  TRAPNO=0x000000000000000d

Top of Stack: (sp=0x00000001283049d0)
0x00000001283049d0:   0000000128304a8b 0000000128304a8b
0x00000001283049e0:   0000000128304a40 000000010af430d6
0x00000001283049f0:   00007fd8b1834800 0000000000000000
0x0000000128304a00:   0000000000000000 0000000000000000
0x0000000128304a10:   00007fd8b1834800 00007fd8b1834800
0x0000000128304a20:   0000000128304a8b 0000000128304a90
0x0000000128304a30:   5000000000000000 0000000000000008
0x0000000128304a40:   0000000128304a60 000000010bc8c780
0x0000000128304a50:   0000000000000001 0000000128304b08
0x0000000128304a60:   0000000128304ad0 000000010bc711f3
0x0000000128304a70:   0000000128304aa0 00007fd8b055cbc0
0x0000000128304a80:   0000000900000032 0000000100304b08
0x0000000128304a90:   0000000000000000 0000000000000000
0x0000000128304aa0:   0000000000000000 0000000128304c90
0x0000000128304ab0:   000000010bc93e7a 00007fd8b28b1d60
0x0000000128304ac0:   0000000128304b08 000000010bc9f598
0x0000000128304ad0:   0000000128304ae0 000000010bc712ec
0x0000000128304ae0:   0000000128304d00 000000010bc7a898
0x0000000128304af0:   0000343100000013 00000000000f0200
0x0000000128304b00:   00007fd8b28a3ab0 00007fd8b29e540a
0x0000000128304b10:   00007fd80000019e 00007fd8b29ca1e0
0x0000000128304b20:   00007fd80000012c 0000000128304b58
0x0000000128304b30:   00007fd8b29ca1e0 0000000000000000
0x0000000128304b40:   000034310000001c 0000000100004b80
0x0000000128304b50:   0000000128304b58 d87f000009000000
0x0000000128304b60:   0800000038d28ab2 6c617571456e6163
0x0000000128304b70:   616a4c2815000000 2f676e616c2f6176
0x0000000128304b80:   293b7463656a624f 000000000000005a
0x0000000128304b90:   368bb2d87f000004 6d616c08000000d8
0x0000000128304ba0:   0000003024616462 612f6d6f634c2826
0x0000000128304bb0:   796c616e612f696c 65646f6d2f736973
0x0000000128304bc0:   656b6f766e492f6c 0056293b6e616542 

Instructions: (pc=0x000000010b032d10)
0x000000010b032cf0:   40 48 48 85 c0 75 e0 30 c0 0f b6 c0 5d c3 31 c0
0x000000010b032d00:   5d c3 55 48 89 e5 53 48 83 ec 08 48 85 ff 74 24
0x000000010b032d10:   48 8b 1f 48 85 db 74 1c 48 83 fb 37 74 16 48 8b
0x000000010b032d20:   03 48 89 df ff 50 10 84 c0 b8 00 00 00 00 48 0f 

Register to memory mapping:

RAX=0x0000000000000001 is an unknown value
RBX=0x0000000128304a8b is pointing into the stack for thread: 0x00007fd8b1834800
RCX=0x000000010b3fa190: UseMembar+0 in /Library/Java/JavaVirtualMachines/jdk1.8.0_45.jdk/Contents/Home/jre/lib/server/libjvm.dylib at 0x000000010ac00000
RDX=0x0000000128304a8b is pointing into the stack for thread: 0x00007fd8b1834800
RSP=0x00000001283049d0 is pointing into the stack for thread: 0x00007fd8b1834800
RBP=0x00000001283049e0 is pointing into the stack for thread: 0x00007fd8b1834800
RSI=0x00007fd8b1834800 is a thread
RDI=0x5000000000000000 is an unknown value
R8 =0x0000000000000000 is an unknown value
R9 =0x00007fd8b2900000 is an unknown value
R10=0x0000000000000010 is an unknown value
R11=0x00007fd8b2900000 is an unknown value
R12=0x00007fd8b1834800 is a thread
R13=0x5000000000000000 is an unknown value
R14=0x5000000000000000 is an unknown value
R15=0x00007fd8b07024b0 is an unknown value


Stack: [0x0000000128205000,0x0000000128305000],  sp=0x00000001283049d0,  free space=1022k
Native frames: (J=compiled Java code, j=interpreted, Vv=VM code, C=native code)
V  [libjvm.dylib+0x432d10]  Method::checked_resolve_jmethod_id(_jmethodID*)+0xe
V  [libjvm.dylib+0x3430d6]  jvmti_IsMethodSynthetic+0xb2
C  [libjdwp.dylib+0x20780]  isMethodSynthetic+0x63
C  [libjdwp.dylib+0x51f3]  methods1+0x10b
C  [libjdwp.dylib+0x52ec]  methodsWithGeneric+0xe
C  [libjdwp.dylib+0xe898]  debugLoop_run+0x1ce
C  [libjdwp.dylib+0x1f6ba]  attachThread+0x4d
V  [libjvm.dylib+0x38401c]  JvmtiAgentThread::call_start_function()+0x38
V  [libjvm.dylib+0x549acf]  JavaThread::thread_main_inner()+0x9b
V  [libjvm.dylib+0x54b1c0]  JavaThread::run()+0x1c2
V  [libjvm.dylib+0x46ea7e]  java_start(Thread*)+0xf6
C  [libsystem_pthread.dylib+0x405a]  _pthread_body+0x83
C  [libsystem_pthread.dylib+0x3fd7]  _pthread_body+0x0
C  [libsystem_pthread.dylib+0x13ed]  thread_start+0xd
C  0x0000000000000000


---------------  P R O C E S S  ---------------

Java Threads: ( => current thread )
  0x00007fd8b2009000 JavaThread "DestroyJavaVM" [_thread_blocked, id=5379, stack(0x000000010bb6a000,0x000000010bc6a000)]
  0x00007fd8b1151000 JavaThread "http-nio-8080-AsyncTimeout" daemon [_thread_blocked, id=30211, stack(0x000000012c8ab000,0x000000012c9ab000)]
  0x00007fd8b2092000 JavaThread "http-nio-8080-Acceptor-0" daemon [_thread_in_native, id=29699, stack(0x000000012c7a8000,0x000000012c8a8000)]
  0x00007fd8b104d000 JavaThread "http-nio-8080-ClientPoller-1" daemon [_thread_in_native, id=29187, stack(0x000000012c6a5000,0x000000012c7a5000)]
  0x00007fd8b41a6000 JavaThread "http-nio-8080-ClientPoller-0" daemon [_thread_in_native, id=28675, stack(0x000000012c5a2000,0x000000012c6a2000)]
  0x00007fd8b4431000 JavaThread "http-nio-8080-exec-10" daemon [_thread_blocked, id=28163, stack(0x000000012c49f000,0x000000012c59f000)]
  0x00007fd8b1248800 JavaThread "http-nio-8080-exec-9" daemon [_thread_blocked, id=27651, stack(0x000000012c39c000,0x000000012c49c000)]
  0x00007fd8b3335000 JavaThread "http-nio-8080-exec-8" daemon [_thread_blocked, id=27139, stack(0x000000012c299000,0x000000012c399000)]
  0x00007fd8b3334800 JavaThread "http-nio-8080-exec-7" daemon [_thread_blocked, id=26627, stack(0x000000012c196000,0x000000012c296000)]
  0x00007fd8b41fc000 JavaThread "http-nio-8080-exec-6" daemon [_thread_blocked, id=26115, stack(0x000000012c093000,0x000000012c193000)]
  0x00007fd8b33a9000 JavaThread "http-nio-8080-exec-5" daemon [_thread_blocked, id=25603, stack(0x000000012bf90000,0x000000012c090000)]
  0x00007fd8b33a8800 JavaThread "http-nio-8080-exec-4" daemon [_thread_blocked, id=25091, stack(0x000000012be8d000,0x000000012bf8d000)]
  0x00007fd8b1502000 JavaThread "http-nio-8080-exec-3" daemon [_thread_blocked, id=24579, stack(0x000000012bd8a000,0x000000012be8a000)]
  0x00007fd8b3015800 JavaThread "http-nio-8080-exec-2" daemon [_thread_blocked, id=24067, stack(0x000000012bc87000,0x000000012bd87000)]
  0x00007fd8b348b000 JavaThread "http-nio-8080-exec-1" daemon [_thread_blocked, id=23555, stack(0x000000012b0aa000,0x000000012b1aa000)]
  0x00007fd8b39e7000 JavaThread "NioBlockingSelector.BlockPoller-1" daemon [_thread_in_native, id=23043, stack(0x000000012ae94000,0x000000012af94000)]
  0x00007fd8b222e800 JavaThread "container-0" [_thread_blocked, id=22531, stack(0x000000012b1c1000,0x000000012b2c1000)]
  0x00007fd8b1127000 JavaThread "ContainerBackgroundProcessor[StandardEngine[Tomcat]]" daemon [_thread_blocked, id=22019, stack(0x000000012afa7000,0x000000012b0a7000)]
  0x00007fd8b2048800 JavaThread "Service Thread" daemon [_thread_blocked, id=19971, stack(0x0000000128817000,0x0000000128917000)]
  0x00007fd8b1835000 JavaThread "C1 CompilerThread2" daemon [_thread_blocked, id=19459, stack(0x0000000128714000,0x0000000128814000)]
  0x00007fd8b2044800 JavaThread "C2 CompilerThread1" daemon [_thread_blocked, id=18947, stack(0x0000000128611000,0x0000000128711000)]
  0x00007fd8b0830000 JavaThread "C2 CompilerThread0" daemon [_thread_blocked, id=18435, stack(0x000000012850e000,0x000000012860e000)]
  0x00007fd8b0812800 JavaThread "JDWP Command Reader" daemon [_thread_in_native, id=17923, stack(0x000000012840b000,0x000000012850b000)]
  0x00007fd8b1824800 JavaThread "JDWP Event Helper Thread" daemon [_thread_blocked, id=17411, stack(0x0000000128308000,0x0000000128408000)]
=>0x00007fd8b1834800 JavaThread "JDWP Transport Listener: dt_socket" daemon [_thread_in_vm, id=16899, stack(0x0000000128205000,0x0000000128305000)]
  0x00007fd8b2008000 JavaThread "Signal Dispatcher" daemon [_thread_blocked, id=13839, stack(0x00000001280fb000,0x00000001281fb000)]
  0x00007fd8b1007000 JavaThread "Finalizer" daemon [_thread_blocked, id=12035, stack(0x00000001266d7000,0x00000001267d7000)]
  0x00007fd8b1006800 JavaThread "Reference Handler" daemon [_thread_blocked, id=11523, stack(0x00000001265d4000,0x00000001266d4000)]

Other Threads:
  0x00007fd8b180e000 VMThread [stack: 0x00000001264d1000,0x00000001265d1000] [id=11011]
  0x00007fd8b100d000 WatcherThread [stack: 0x000000012891a000,0x0000000128a1a000] [id=20483]

VM state:not at safepoint (normal execution)

VM Mutex/Monitor currently owned by a thread: None

Heap:
 PSYoungGen      total 1223168K, used 398477K [0x000000076ab00000, 0x00000007c0000000, 0x00000007c0000000)
  eden space 1048576K, 38% used [0x000000076ab00000,0x00000007830236b0,0x00000007aab00000)
  from space 174592K, 0% used [0x00000007aab00000,0x00000007aab00000,0x00000007b5580000)
  to   space 174592K, 0% used [0x00000007b5580000,0x00000007b5580000,0x00000007c0000000)
 ParOldGen       total 2796544K, used 16779K [0x00000006c0000000, 0x000000076ab00000, 0x000000076ab00000)
  object space 2796544K, 0% used [0x00000006c0000000,0x00000006c1062c20,0x000000076ab00000)
 Metaspace       used 33797K, capacity 34170K, committed 34560K, reserved 1079296K
  class space    used 4002K, capacity 4096K, committed 4096K, reserved 1048576K

Card table byte_map: [0x000000011b077000,0x000000011b878000] byte_map_base: 0x0000000117a77000

Marking Bits: (ParMarkBitMap*) 0x000000010b4c27a0
 Begin Bits: [0x000000011c1da000, 0x00000001201da000)
 End Bits:   [0x00000001201da000, 0x00000001241da000)

Polling page: 0x000000010a3b6000

CodeCache: size=245760Kb used=13717Kb max_used=13754Kb free=232042Kb
 bounds [0x000000010bcb7000, 0x000000010ca47000, 0x000000011acb7000]
 total_blobs=4117 nmethods=3689 adapters=348
 compilation: enabled

Compilation events (10 events):
Event: 1003.425 Thread 0x00007fd8b1835000 4309       3       java.util.concurrent.locks.ReentrantLock$Sync::nonfairTryAcquire (67 bytes)
Event: 1003.425 Thread 0x00007fd8b1835000 nmethod 4309 0x000000010c06d850 code [0x000000010c06da00, 0x000000010c06e168]
Event: 1003.425 Thread 0x00007fd8b1835000 4311       1       org.apache.catalina.core.StandardContext::getThreadBindingListener (5 bytes)
Event: 1003.426 Thread 0x00007fd8b1835000 nmethod 4311 0x000000010c131190 code [0x000000010c1312e0, 0x000000010c1313f0]
Event: 1003.426 Thread 0x00007fd8b1835000 4318       1       javax.servlet.GenericServlet::getServletConfig (5 bytes)
Event: 1003.426 Thread 0x00007fd8b1835000 nmethod 4318 0x000000010c78b010 code [0x000000010c78b160, 0x000000010c78b270]
Event: 1003.478 Thread 0x00007fd8b2044800 nmethod 4303 0x000000010c6782d0 code [0x000000010c678520, 0x000000010c6797c8]
Event: 1003.478 Thread 0x00007fd8b2044800 4310       4       org.springframework.util.AntPathMatcher::skipSegment (75 bytes)
Event: 1003.507 Thread 0x00007fd8b2044800 nmethod 4310 0x000000010c8c0c50 code [0x000000010c8c0dc0, 0x000000010c8c1398]
Event: 1003.564 Thread 0x00007fd8b0830000 nmethod 4304 0x000000010c66f790 code [0x000000010c6701a0, 0x000000010c6727a0]

GC Heap History (4 events):
Event: 3.035 GC heap before
{Heap before GC invocations=1 (full 0):
 PSYoungGen      total 1223168K, used 272631K [0x000000076ab00000, 0x00000007c0000000, 0x00000007c0000000)
  eden space 1048576K, 26% used [0x000000076ab00000,0x000000077b53dc48,0x00000007aab00000)
  from space 174592K, 0% used [0x00000007b5580000,0x00000007b5580000,0x00000007c0000000)
  to   space 174592K, 0% used [0x00000007aab00000,0x00000007aab00000,0x00000007b5580000)
 ParOldGen       total 2796544K, used 0K [0x00000006c0000000, 0x000000076ab00000, 0x000000076ab00000)
  object space 2796544K, 0% used [0x00000006c0000000,0x00000006c0000000,0x000000076ab00000)
 Metaspace       used 20743K, capacity 21052K, committed 21296K, reserved 1069056K
  class space    used 2501K, capacity 2601K, committed 2688K, reserved 1048576K
Event: 3.063 GC heap after
Heap after GC invocations=1 (full 0):
 PSYoungGen      total 1223168K, used 17499K [0x000000076ab00000, 0x00000007c0000000, 0x00000007c0000000)
  eden space 1048576K, 0% used [0x000000076ab00000,0x000000076ab00000,0x00000007aab00000)
  from space 174592K, 10% used [0x00000007aab00000,0x00000007abc16fa8,0x00000007b5580000)
  to   space 174592K, 0% used [0x00000007b5580000,0x00000007b5580000,0x00000007c0000000)
 ParOldGen       total 2796544K, used 88K [0x00000006c0000000, 0x000000076ab00000, 0x000000076ab00000)
  object space 2796544K, 0% used [0x00000006c0000000,0x00000006c0016010,0x000000076ab00000)
 Metaspace       used 20743K, capacity 21052K, committed 21296K, reserved 1069056K
  class space    used 2501K, capacity 2601K, committed 2688K, reserved 1048576K
}
Event: 3.063 GC heap before
{Heap before GC invocations=2 (full 1):
 PSYoungGen      total 1223168K, used 17499K [0x000000076ab00000, 0x00000007c0000000, 0x00000007c0000000)
  eden space 1048576K, 0% used [0x000000076ab00000,0x000000076ab00000,0x00000007aab00000)
  from space 174592K, 10% used [0x00000007aab00000,0x00000007abc16fa8,0x00000007b5580000)
  to   space 174592K, 0% used [0x00000007b5580000,0x00000007b5580000,0x00000007c0000000)
 ParOldGen       total 2796544K, used 88K [0x00000006c0000000, 0x000000076ab00000, 0x000000076ab00000)
  object space 2796544K, 0% used [0x00000006c0000000,0x00000006c0016010,0x000000076ab00000)
 Metaspace       used 20743K, capacity 21052K, committed 21296K, reserved 1069056K
  class space    used 2501K, capacity 2601K, committed 2688K, reserved 1048576K
Event: 3.128 GC heap after
Heap after GC invocations=2 (full 1):
 PSYoungGen      total 1223168K, used 0K [0x000000076ab00000, 0x00000007c0000000, 0x00000007c0000000)
  eden space 1048576K, 0% used [0x000000076ab00000,0x000000076ab00000,0x00000007aab00000)
  from space 174592K, 0% used [0x00000007aab00000,0x00000007aab00000,0x00000007b5580000)
  to   space 174592K, 0% used [0x00000007b5580000,0x00000007b5580000,0x00000007c0000000)
 ParOldGen       total 2796544K, used 16779K [0x00000006c0000000, 0x000000076ab00000, 0x000000076ab00000)
  object space 2796544K, 0% used [0x00000006c0000000,0x00000006c1062c20,0x000000076ab00000)
 Metaspace       used 20743K, capacity 21052K, committed 21296K, reserved 1069056K
  class space    used 2501K, capacity 2601K, committed 2688K, reserved 1048576K
}

Deoptimization events (10 events):
Event: 1003.318 Thread 0x00007fd8b4431000 Uncommon trap: reason=unhandled action=none pc=0x000000010c3f6610 method=org.apache.velocity.runtime.parser.Parser.jj_scan_token(I)Z @ 170
Event: 1003.319 Thread 0x00007fd8b4431000 Uncommon trap: reason=unhandled action=none pc=0x000000010c3f6610 method=org.apache.velocity.runtime.parser.Parser.jj_scan_token(I)Z @ 170
Event: 1003.320 Thread 0x00007fd8b4431000 Uncommon trap: reason=unhandled action=none pc=0x000000010c3f6610 method=org.apache.velocity.runtime.parser.Parser.jj_scan_token(I)Z @ 170
Event: 1003.321 Thread 0x00007fd8b4431000 Uncommon trap: reason=unhandled action=none pc=0x000000010c3f6610 method=org.apache.velocity.runtime.parser.Parser.jj_scan_token(I)Z @ 170
Event: 1003.321 Thread 0x00007fd8b4431000 Uncommon trap: reason=unhandled action=none pc=0x000000010c3f6610 method=org.apache.velocity.runtime.parser.Parser.jj_scan_token(I)Z @ 170
Event: 1003.322 Thread 0x00007fd8b4431000 Uncommon trap: reason=unhandled action=none pc=0x000000010c3f6610 method=org.apache.velocity.runtime.parser.Parser.jj_scan_token(I)Z @ 170
Event: 1003.323 Thread 0x00007fd8b4431000 Uncommon trap: reason=unhandled action=none pc=0x000000010c3f6610 method=org.apache.velocity.runtime.parser.Parser.jj_scan_token(I)Z @ 170
Event: 1003.323 Thread 0x00007fd8b4431000 Uncommon trap: reason=unhandled action=none pc=0x000000010c3f6610 method=org.apache.velocity.runtime.parser.Parser.jj_scan_token(I)Z @ 170
Event: 1003.324 Thread 0x00007fd8b4431000 Uncommon trap: reason=unhandled action=none pc=0x000000010c3f6610 method=org.apache.velocity.runtime.parser.Parser.jj_scan_token(I)Z @ 170
Event: 1003.325 Thread 0x00007fd8b4431000 Uncommon trap: reason=unhandled action=none pc=0x000000010c3f6610 method=org.apache.velocity.runtime.parser.Parser.jj_scan_token(I)Z @ 170

Internal exceptions (10 events):
Event: 37.975 Thread 0x00007fd8b348b000 Exception <a 'java/lang/ClassNotFoundException': org/springframework/web/servlet/RequestToViewNameTranslatorCustomizer> (0x000000077c869df8) thrown at [/Users/java_re/workspace/8-2-build-macosx-x86_64/jdk8u45/3457/hotspot/src/share/vm/classfile/systemDict
Event: 37.982 Thread 0x00007fd8b348b000 Exception <a 'java/lang/ClassNotFoundException': java/lang/ObjectCustomizer> (0x000000077c89f498) thrown at [/Users/java_re/workspace/8-2-build-macosx-x86_64/jdk8u45/3457/hotspot/src/share/vm/classfile/systemDictionary.cpp, line 210]
Event: 37.992 Thread 0x00007fd8b348b000 Exception <a 'java/lang/ClassNotFoundException': org/springframework/web/servlet/support/AbstractFlashMapManagerCustomizer> (0x000000077c8b8ed8) thrown at [/Users/java_re/workspace/8-2-build-macosx-x86_64/jdk8u45/3457/hotspot/src/share/vm/classfile/system
Event: 37.997 Thread 0x00007fd8b348b000 Exception <a 'java/lang/ClassNotFoundException': org/springframework/web/servlet/support/SessionFlashMapManagerCustomizer> (0x000000077c8d67d0) thrown at [/Users/java_re/workspace/8-2-build-macosx-x86_64/jdk8u45/3457/hotspot/src/share/vm/classfile/systemD
Event: 37.999 Thread 0x00007fd8b348b000 Exception <a 'java/lang/ClassNotFoundException': org/springframework/web/servlet/FlashMapManagerCustomizer> (0x000000077c8ec300) thrown at [/Users/java_re/workspace/8-2-build-macosx-x86_64/jdk8u45/3457/hotspot/src/share/vm/classfile/systemDictionary.cpp, 
Event: 44.705 Thread 0x00007fd8b41fc000 Exception <a 'java/io/FileNotFoundException'> (0x000000077ec15e60) thrown at [/Users/java_re/workspace/8-2-build-macosx-x86_64/jdk8u45/3457/hotspot/src/share/vm/prims/jni.cpp, line 709]
Event: 44.705 Thread 0x00007fd8b41fc000 Exception <a 'java/io/FileNotFoundException'> (0x000000077ec16b30) thrown at [/Users/java_re/workspace/8-2-build-macosx-x86_64/jdk8u45/3457/hotspot/src/share/vm/prims/jni.cpp, line 709]
Event: 44.725 Thread 0x00007fd8b41fc000 Exception <a 'java/io/FileNotFoundException'> (0x000000077ec5e230) thrown at [/Users/java_re/workspace/8-2-build-macosx-x86_64/jdk8u45/3457/hotspot/src/share/vm/prims/jni.cpp, line 709]
Event: 44.725 Thread 0x00007fd8b41fc000 Exception <a 'java/io/FileNotFoundException'> (0x000000077ec5ee58) thrown at [/Users/java_re/workspace/8-2-build-macosx-x86_64/jdk8u45/3457/hotspot/src/share/vm/prims/jni.cpp, line 709]
Event: 975.368 Thread 0x00007fd8b1502000 Implicit null exception at 0x000000010c9f9d7f to 0x000000010ca01b5d

Events (10 events):
Event: 1003.328 Thread 0x00007fd8b4431000 DEOPT UNPACKING pc=0x000000010bcfe633 sp=0x000000012c59dcf0 mode 0
Event: 1003.328 Thread 0x00007fd8b4431000 DEOPT PACKING pc=0x000000010c97de6c sp=0x000000012c59e030
Event: 1003.328 Thread 0x00007fd8b4431000 DEOPT UNPACKING pc=0x000000010bcfe633 sp=0x000000012c59dd80 mode 0
Event: 1003.403 Thread 0x00007fd8b1835000 flushing nmethod 0x000000010c3a4a50
Event: 1003.403 Thread 0x00007fd8b1835000 flushing nmethod 0x000000010c3fde10
Event: 1003.422 Thread 0x00007fd8b1835000 flushing nmethod 0x000000010c66da10
Event: 1003.423 Thread 0x00007fd8b1835000 flushing nmethod 0x000000010c78af10
Event: 1003.424 Thread 0x00007fd8b1835000 flushing nmethod 0x000000010c8c0a10
Event: 1050.008 Executing VM operation: RedefineClasses
Event: 1050.043 Executing VM operation: RedefineClasses done


Dynamic libraries:
0x00000000056fd000 	/System/Library/Frameworks/Cocoa.framework/Versions/A/Cocoa
0x00000000056fd000 	/System/Library/Frameworks/Security.framework/Versions/A/Security
0x00000000056fd000 	/System/Library/Frameworks/ApplicationServices.framework/Versions/A/ApplicationServices
0x00000000056fd000 	/usr/lib/libz.1.dylib
0x00000000056fd000 	/usr/lib/libSystem.B.dylib
0x00000000056fd000 	/usr/lib/libobjc.A.dylib
0x00000000056fd000 	/System/Library/Frameworks/CoreFoundation.framework/Versions/A/CoreFoundation
0x00000000056fd000 	/System/Library/Frameworks/Foundation.framework/Versions/C/Foundation
0x00000000056fd000 	/System/Library/Frameworks/AppKit.framework/Versions/C/AppKit
0x00000000056fd000 	/System/Library/Frameworks/CoreData.framework/Versions/A/CoreData
0x00000000056fd000 	/System/Library/PrivateFrameworks/RemoteViewServices.framework/Versions/A/RemoteViewServices
0x00000000056fd000 	/System/Library/PrivateFrameworks/UIFoundation.framework/Versions/A/UIFoundation
0x00000000056fd000 	/System/Library/Frameworks/IOSurface.framework/Versions/A/IOSurface
0x00000000056fd000 	/System/Library/Frameworks/AudioToolbox.framework/Versions/A/AudioToolbox
0x00000000056fd000 	/System/Library/Frameworks/AudioUnit.framework/Versions/A/AudioUnit
0x00000000056fd000 	/System/Library/PrivateFrameworks/DataDetectorsCore.framework/Versions/A/DataDetectorsCore
0x00000000056fd000 	/System/Library/PrivateFrameworks/DesktopServicesPriv.framework/Versions/A/DesktopServicesPriv
0x00000000056fd000 	/System/Library/Frameworks/Carbon.framework/Versions/A/Frameworks/HIToolbox.framework/Versions/A/HIToolbox
0x00000000056fd000 	/System/Library/Frameworks/QuartzCore.framework/Versions/A/QuartzCore
0x00000000056fd000 	/System/Library/Frameworks/Carbon.framework/Versions/A/Frameworks/SpeechRecognition.framework/Versions/A/SpeechRecognition
0x00000000056fd000 	/usr/lib/libauto.dylib
0x00000000056fd000 	/usr/lib/libicucore.A.dylib
0x00000000056fd000 	/usr/lib/libxml2.2.dylib
0x00000000056fd000 	/System/Library/PrivateFrameworks/CoreUI.framework/Versions/A/CoreUI
0x00000000056fd000 	/System/Library/Frameworks/CoreAudio.framework/Versions/A/CoreAudio
0x00000000056fd000 	/System/Library/Frameworks/DiskArbitration.framework/Versions/A/DiskArbitration
0x00000000056fd000 	/usr/lib/liblangid.dylib
0x00000000056fd000 	/System/Library/PrivateFrameworks/MultitouchSupport.framework/Versions/A/MultitouchSupport
0x00000000056fd000 	/System/Library/Frameworks/IOKit.framework/Versions/A/IOKit
0x00000000056fd000 	/usr/lib/libDiagnosticMessagesClient.dylib
0x00000000056fd000 	/System/Library/Frameworks/CoreServices.framework/Versions/A/CoreServices
0x00000000056fd000 	/System/Library/PrivateFrameworks/PerformanceAnalysis.framework/Versions/A/PerformanceAnalysis
0x00000000056fd000 	/System/Library/PrivateFrameworks/GenerationalStorage.framework/Versions/A/GenerationalStorage
0x00000000056fd000 	/System/Library/Frameworks/OpenGL.framework/Versions/A/OpenGL
0x00000000056fd000 	/System/Library/PrivateFrameworks/Sharing.framework/Versions/A/Sharing
0x00000000056fd000 	/System/Library/Frameworks/CoreGraphics.framework/Versions/A/CoreGraphics
0x00000000056fd000 	/System/Library/Frameworks/CoreText.framework/Versions/A/CoreText
0x00000000056fd000 	/System/Library/Frameworks/ImageIO.framework/Versions/A/ImageIO
0x00000000056fd000 	/usr/lib/libextension.dylib
0x00000000056fd000 	/System/Library/PrivateFrameworks/Backup.framework/Versions/A/Backup
0x00000000056fd000 	/usr/lib/libarchive.2.dylib
0x00000000056fd000 	/System/Library/Frameworks/CFNetwork.framework/Versions/A/CFNetwork
0x00000000056fd000 	/System/Library/Frameworks/SystemConfiguration.framework/Versions/A/SystemConfiguration
0x00000000056fd000 	/usr/lib/libCRFSuite.dylib
0x00000000056fd000 	/usr/lib/libc++.1.dylib
0x00000000056fd000 	/usr/lib/libc++abi.dylib
0x00000000056fd000 	/usr/lib/system/libcache.dylib
0x00000000056fd000 	/usr/lib/system/libcommonCrypto.dylib
0x00000000056fd000 	/usr/lib/system/libcompiler_rt.dylib
0x00000000056fd000 	/usr/lib/system/libcopyfile.dylib
0x00000000056fd000 	/usr/lib/system/libcorecrypto.dylib
0x00000000056fd000 	/usr/lib/system/libdispatch.dylib
0x00000000056fd000 	/usr/lib/system/libdyld.dylib
0x00000000056fd000 	/usr/lib/system/libkeymgr.dylib
0x00000000056fd000 	/usr/lib/system/liblaunch.dylib
0x00000000056fd000 	/usr/lib/system/libmacho.dylib
0x00000000056fd000 	/usr/lib/system/libquarantine.dylib
0x00000000056fd000 	/usr/lib/system/libremovefile.dylib
0x00000000056fd000 	/usr/lib/system/libsystem_asl.dylib
0x00000000056fd000 	/usr/lib/system/libsystem_blocks.dylib
0x00000000056fd000 	/usr/lib/system/libsystem_c.dylib
0x00000000056fd000 	/usr/lib/system/libsystem_configuration.dylib
0x00000000056fd000 	/usr/lib/system/libsystem_coreservices.dylib
0x00000000056fd000 	/usr/lib/system/libsystem_coretls.dylib
0x00000000056fd000 	/usr/lib/system/libsystem_dnssd.dylib
0x00000000056fd000 	/usr/lib/system/libsystem_info.dylib
0x00000000056fd000 	/usr/lib/system/libsystem_kernel.dylib
0x00000000056fd000 	/usr/lib/system/libsystem_m.dylib
0x00000000056fd000 	/usr/lib/system/libsystem_malloc.dylib
0x00000000056fd000 	/usr/lib/system/libsystem_network.dylib
0x00000000056fd000 	/usr/lib/system/libsystem_networkextension.dylib
0x00000000056fd000 	/usr/lib/system/libsystem_notify.dylib
0x00000000056fd000 	/usr/lib/system/libsystem_platform.dylib
0x00000000056fd000 	/usr/lib/system/libsystem_pthread.dylib
0x00000000056fd000 	/usr/lib/system/libsystem_sandbox.dylib
0x00000000056fd000 	/usr/lib/system/libsystem_secinit.dylib
0x00000000056fd000 	/usr/lib/system/libsystem_stats.dylib
0x00000000056fd000 	/usr/lib/system/libsystem_trace.dylib
0x00000000056fd000 	/usr/lib/system/libunc.dylib
0x00000000056fd000 	/usr/lib/system/libunwind.dylib
0x00000000056fd000 	/usr/lib/system/libxpc.dylib
0x00000000056fd000 	/usr/lib/libbz2.1.0.dylib
0x00000000056fd000 	/usr/lib/liblzma.5.dylib
0x00000000056fd000 	/usr/lib/libbsm.0.dylib
0x00000000056fd000 	/usr/lib/libsqlite3.dylib
0x00000000056fd000 	/usr/lib/system/libkxld.dylib
0x00000000056fd000 	/usr/lib/libxar.1.dylib
0x00000000056fd000 	/usr/lib/libpam.2.dylib
0x00000000056fd000 	/usr/lib/libOpenScriptingUtil.dylib
0x00000000056fd000 	/System/Library/Frameworks/CoreServices.framework/Versions/A/Frameworks/FSEvents.framework/Versions/A/FSEvents
0x00000000056fd000 	/System/Library/Frameworks/CoreServices.framework/Versions/A/Frameworks/CarbonCore.framework/Versions/A/CarbonCore
0x00000000056fd000 	/System/Library/Frameworks/CoreServices.framework/Versions/A/Frameworks/Metadata.framework/Versions/A/Metadata
0x00000000056fd000 	/System/Library/Frameworks/CoreServices.framework/Versions/A/Frameworks/OSServices.framework/Versions/A/OSServices
0x00000000056fd000 	/System/Library/Frameworks/CoreServices.framework/Versions/A/Frameworks/SearchKit.framework/Versions/A/SearchKit
0x00000000056fd000 	/System/Library/Frameworks/CoreServices.framework/Versions/A/Frameworks/AE.framework/Versions/A/AE
0x00000000056fd000 	/System/Library/Frameworks/CoreServices.framework/Versions/A/Frameworks/LaunchServices.framework/Versions/A/LaunchServices
0x00000000056fd000 	/System/Library/Frameworks/CoreServices.framework/Versions/A/Frameworks/DictionaryServices.framework/Versions/A/DictionaryServices
0x00000000056fd000 	/System/Library/Frameworks/NetFS.framework/Versions/A/NetFS
0x00000000056fd000 	/System/Library/PrivateFrameworks/NetAuth.framework/Versions/A/NetAuth
0x00000000056fd000 	/System/Library/PrivateFrameworks/login.framework/Versions/A/Frameworks/loginsupport.framework/Versions/A/loginsupport
0x00000000056fd000 	/System/Library/PrivateFrameworks/TCC.framework/Versions/A/TCC
0x00000000056fd000 	/usr/lib/libmecabra.dylib
0x00000000056fd000 	/System/Library/Frameworks/ApplicationServices.framework/Versions/A/Frameworks/ATS.framework/Versions/A/ATS
0x00000000056fd000 	/System/Library/Frameworks/ApplicationServices.framework/Versions/A/Frameworks/ColorSync.framework/Versions/A/ColorSync
0x00000000056fd000 	/System/Library/Frameworks/ApplicationServices.framework/Versions/A/Frameworks/HIServices.framework/Versions/A/HIServices
0x00000000056fd000 	/System/Library/Frameworks/ApplicationServices.framework/Versions/A/Frameworks/LangAnalysis.framework/Versions/A/LangAnalysis
0x00000000056fd000 	/System/Library/Frameworks/ApplicationServices.framework/Versions/A/Frameworks/PrintCore.framework/Versions/A/PrintCore
0x00000000056fd000 	/System/Library/Frameworks/ApplicationServices.framework/Versions/A/Frameworks/QD.framework/Versions/A/QD
0x00000000056fd000 	/System/Library/Frameworks/ApplicationServices.framework/Versions/A/Frameworks/SpeechSynthesis.framework/Versions/A/SpeechSynthesis
0x00000000056fd000 	/System/Library/Frameworks/Accelerate.framework/Versions/A/Accelerate
0x00000000056fd000 	/System/Library/Frameworks/Accelerate.framework/Versions/A/Frameworks/vImage.framework/Versions/A/vImage
0x00000000056fd000 	/System/Library/Frameworks/Accelerate.framework/Versions/A/Frameworks/vecLib.framework/Versions/A/vecLib
0x00000000056fd000 	/System/Library/Frameworks/Accelerate.framework/Versions/A/Frameworks/vecLib.framework/Versions/A/libvDSP.dylib
0x00000000056fd000 	/System/Library/Frameworks/Accelerate.framework/Versions/A/Frameworks/vecLib.framework/Versions/A/libvMisc.dylib
0x00000000056fd000 	/System/Library/Frameworks/Accelerate.framework/Versions/A/Frameworks/vecLib.framework/Versions/A/libLAPACK.dylib
0x00000000056fd000 	/System/Library/Frameworks/Accelerate.framework/Versions/A/Frameworks/vecLib.framework/Versions/A/libBLAS.dylib
0x00000000056fd000 	/System/Library/Frameworks/Accelerate.framework/Versions/A/Frameworks/vecLib.framework/Versions/A/libLinearAlgebra.dylib
0x00000000056fd000 	/System/Library/Frameworks/ApplicationServices.framework/Versions/A/Frameworks/ATS.framework/Versions/A/Resources/libFontParser.dylib
0x00000000056fd000 	/System/Library/Frameworks/ApplicationServices.framework/Versions/A/Frameworks/ATS.framework/Versions/A/Resources/libFontRegistry.dylib
0x00000000056fd000 	/System/Library/PrivateFrameworks/AppleVPA.framework/Versions/A/AppleVPA
0x00000000056fd000 	/System/Library/PrivateFrameworks/AppleJPEG.framework/Versions/A/AppleJPEG
0x00000000056fd000 	/System/Library/Frameworks/ImageIO.framework/Versions/A/Resources/libJPEG.dylib
0x00000000056fd000 	/System/Library/Frameworks/ImageIO.framework/Versions/A/Resources/libTIFF.dylib
0x00000000056fd000 	/System/Library/Frameworks/ImageIO.framework/Versions/A/Resources/libPng.dylib
0x00000000056fd000 	/System/Library/Frameworks/ImageIO.framework/Versions/A/Resources/libGIF.dylib
0x00000000056fd000 	/System/Library/Frameworks/ImageIO.framework/Versions/A/Resources/libJP2.dylib
0x00000000056fd000 	/System/Library/Frameworks/ImageIO.framework/Versions/A/Resources/libRadiance.dylib
0x00000000056fd000 	/System/Library/Frameworks/CoreVideo.framework/Versions/A/CoreVideo
0x00000000056fd000 	/System/Library/Frameworks/OpenGL.framework/Versions/A/Libraries/libGLU.dylib
0x00000000056fd000 	/System/Library/Frameworks/OpenGL.framework/Versions/A/Libraries/libGFXShared.dylib
0x00000000056fd000 	/System/Library/Frameworks/OpenGL.framework/Versions/A/Libraries/libGL.dylib
0x00000000056fd000 	/System/Library/Frameworks/OpenGL.framework/Versions/A/Libraries/libGLImage.dylib
0x00000000056fd000 	/System/Library/Frameworks/OpenGL.framework/Versions/A/Libraries/libCVMSPluginSupport.dylib
0x00000000056fd000 	/System/Library/Frameworks/OpenGL.framework/Versions/A/Libraries/libCoreVMClient.dylib
0x00000000056fd000 	/usr/lib/libcups.2.dylib
0x00000000056fd000 	/System/Library/Frameworks/Kerberos.framework/Versions/A/Kerberos
0x00000000056fd000 	/System/Library/Frameworks/GSS.framework/Versions/A/GSS
0x00000000056fd000 	/usr/lib/libresolv.9.dylib
0x00000000056fd000 	/usr/lib/libiconv.2.dylib
0x00000000056fd000 	/System/Library/PrivateFrameworks/Heimdal.framework/Versions/A/Heimdal
0x00000000056fd000 	/usr/lib/libheimdal-asn1.dylib
0x00000000056fd000 	/System/Library/Frameworks/OpenDirectory.framework/Versions/A/OpenDirectory
0x00000000056fd000 	/System/Library/PrivateFrameworks/CommonAuth.framework/Versions/A/CommonAuth
0x00000000056fd000 	/System/Library/Frameworks/OpenDirectory.framework/Versions/A/Frameworks/CFOpenDirectory.framework/Versions/A/CFOpenDirectory
0x00000000056fd000 	/System/Library/Frameworks/SecurityFoundation.framework/Versions/A/SecurityFoundation
0x00000000056fd000 	/System/Library/PrivateFrameworks/LanguageModeling.framework/Versions/A/LanguageModeling
0x00000000056fd000 	/usr/lib/libcmph.dylib
0x00000000056fd000 	/System/Library/Frameworks/ServiceManagement.framework/Versions/A/ServiceManagement
0x00000000056fd000 	/usr/lib/libxslt.1.dylib
0x00000000056fd000 	/System/Library/Frameworks/Carbon.framework/Versions/A/Frameworks/Ink.framework/Versions/A/Ink
0x00000000056fd000 	/System/Library/Frameworks/QuartzCore.framework/Versions/A/Frameworks/CoreImage.framework/Versions/A/CoreImage
0x00000000056fd000 	/System/Library/PrivateFrameworks/CrashReporterSupport.framework/Versions/A/CrashReporterSupport
0x00000000056fd000 	/System/Library/Frameworks/OpenCL.framework/Versions/A/OpenCL
0x00000000056fd000 	/System/Library/PrivateFrameworks/FaceCore.framework/Versions/A/FaceCore
0x00000000056fd000 	/System/Library/PrivateFrameworks/Ubiquity.framework/Versions/A/Ubiquity
0x00000000056fd000 	/System/Library/PrivateFrameworks/IconServices.framework/Versions/A/IconServices
0x00000000056fd000 	/System/Library/PrivateFrameworks/ChunkingLibrary.framework/Versions/A/ChunkingLibrary
0x00000000056fd000 	/System/Library/PrivateFrameworks/Apple80211.framework/Versions/A/Apple80211
0x00000000056fd000 	/System/Library/Frameworks/CoreWLAN.framework/Versions/A/CoreWLAN
0x00000000056fd000 	/System/Library/Frameworks/IOBluetooth.framework/Versions/A/IOBluetooth
0x00000000056fd000 	/System/Library/PrivateFrameworks/CoreWiFi.framework/Versions/A/CoreWiFi
0x00000000056fd000 	/System/Library/Frameworks/CoreBluetooth.framework/Versions/A/CoreBluetooth
0x00000000056fd000 	/System/Library/PrivateFrameworks/DebugSymbols.framework/Versions/A/DebugSymbols
0x00000000056fd000 	/System/Library/PrivateFrameworks/CoreSymbolication.framework/Versions/A/CoreSymbolication
0x00000000056fd000 	/System/Library/PrivateFrameworks/Symbolication.framework/Versions/A/Symbolication
0x00000000056fd000 	/System/Library/PrivateFrameworks/SpeechRecognitionCore.framework/Versions/A/SpeechRecognitionCore
0x000000010a296000 	/System/Library/CoreServices/Encodings/libSimplifiedChineseConverter.dylib
0x000000010ac00000 	/Library/Java/JavaVirtualMachines/jdk1.8.0_45.jdk/Contents/Home/jre/lib/server/libjvm.dylib
0x00000000056fd000 	/usr/lib/libstdc++.6.dylib
0x000000010a373000 	/Library/Java/JavaVirtualMachines/jdk1.8.0_45.jdk/Contents/Home/jre/lib/libverify.dylib
0x000000010a381000 	/Library/Java/JavaVirtualMachines/jdk1.8.0_45.jdk/Contents/Home/jre/lib/libjava.dylib
0x000000010bc6c000 	/Library/Java/JavaVirtualMachines/jdk1.8.0_45.jdk/Contents/Home/jre/lib/libjdwp.dylib
0x000000010a3b7000 	/Library/Java/JavaVirtualMachines/jdk1.8.0_45.jdk/Contents/Home/jre/lib/libnpt.dylib
0x000000010a3c4000 	/Library/Java/JavaVirtualMachines/jdk1.8.0_45.jdk/Contents/Home/jre/lib/libzip.dylib
0x00000001267d9000 	/System/Library/Frameworks/JavaVM.framework/Frameworks/JavaRuntimeSupport.framework/JavaRuntimeSupport
0x00000001267f4000 	/System/Library/Frameworks/JavaVM.framework/Versions/A/Frameworks/JavaNativeFoundation.framework/Versions/A/JavaNativeFoundation
0x0000000126809000 	/System/Library/Frameworks/JavaVM.framework/Versions/A/JavaVM
0x00000000056fd000 	/System/Library/Frameworks/Carbon.framework/Versions/A/Carbon
0x0000000126816000 	/System/Library/PrivateFrameworks/JavaLaunching.framework/Versions/A/JavaLaunching
0x00000000056fd000 	/System/Library/Frameworks/Carbon.framework/Versions/A/Frameworks/CommonPanels.framework/Versions/A/CommonPanels
0x00000000056fd000 	/System/Library/Frameworks/Carbon.framework/Versions/A/Frameworks/Help.framework/Versions/A/Help
0x00000000056fd000 	/System/Library/Frameworks/Carbon.framework/Versions/A/Frameworks/ImageCapture.framework/Versions/A/ImageCapture
0x00000000056fd000 	/System/Library/Frameworks/Carbon.framework/Versions/A/Frameworks/OpenScripting.framework/Versions/A/OpenScripting
0x00000000056fd000 	/System/Library/Frameworks/Carbon.framework/Versions/A/Frameworks/Print.framework/Versions/A/Print
0x00000000056fd000 	/System/Library/Frameworks/Carbon.framework/Versions/A/Frameworks/SecurityHI.framework/Versions/A/SecurityHI
0x00000001281fd000 	/Library/Java/JavaVirtualMachines/jdk1.8.0_45.jdk/Contents/Home/jre/lib/libdt_socket.dylib
0x0000000128d6f000 	/Library/Java/JavaVirtualMachines/jdk1.8.0_45.jdk/Contents/Home/jre/lib/libmanagement.dylib
0x0000000128d7c000 	/Library/Java/JavaVirtualMachines/jdk1.8.0_45.jdk/Contents/Home/jre/lib/libnet.dylib
0x0000000128e56000 	/Library/Java/JavaVirtualMachines/jdk1.8.0_45.jdk/Contents/Home/jre/lib/libnio.dylib

VM Arguments:
jvm_args: -agentlib:jdwp=transport=dt_socket,suspend=y,address=localhost:56492 -Xmx4G -Xms4G -Dfile.encoding=utf8 
java_command: com.ali.analysis.Application
java_class_path (initial): /u01/project/jar-analysis/target/classes:/u01/soft/apache-maven-3.0.3/repository/org/springframework/boot/spring-boot-starter-velocity/1.4.7.RELEASE/spring-boot-starter-velocity-1.4.7.RELEASE.jar:/u01/soft/apache-maven-3.0.3/repository/org/springframework/boot/spring-boot-starter/1.4.7.RELEASE/spring-boot-starter-1.4.7.RELEASE.jar:/u01/soft/apache-maven-3.0.3/repository/org/springframework/boot/spring-boot/1.4.7.RELEASE/spring-boot-1.4.7.RELEASE.jar:/u01/soft/apache-maven-3.0.3/repository/org/springframework/boot/spring-boot-autoconfigure/1.4.7.RELEASE/spring-boot-autoconfigure-1.4.7.RELEASE.jar:/u01/soft/apache-maven-3.0.3/repository/org/springframework/boot/spring-boot-starter-logging/1.4.7.RELEASE/spring-boot-starter-logging-1.4.7.RELEASE.jar:/u01/soft/apache-maven-3.0.3/repository/ch/qos/logback/logback-classic/1.1.11/logback-classic-1.1.11.jar:/u01/soft/apache-maven-3.0.3/repository/ch/qos/logback/logback-core/1.1.11/logback-core-1.1.11.jar:/u01/soft/apache-maven-3.0.3/repository/org/slf4j/slf4j-api/1.7.22/slf4j-api-1.7.22.jar:/u01/soft/apache-maven-3.0.3/repository/org/slf4j/jcl-over-slf4j/1.7.25/jcl-over-slf4j-1.7.25.jar:/u01/soft/apache-maven-3.0.3/repository/org/slf4j/jul-to-slf4j/1.7.25/jul-to-slf4j-1.7.25.jar:/u01/soft/apache-maven-3.0.3/repository/org/slf4j/log4j-over-slf4j/1.7.25/log4j-over-slf4j-1.7.25.jar:/u01/soft/apache-maven-3.0.3/repository/org/springframework/spring-core/4.3.9.RELEASE/spring-core-4.3.9.RELEASE.jar:/u01/soft/apache-maven-3.0.3/repository/org/yaml/snakeyaml/1.17/snakeyaml-1.17.jar:/u01/soft/apache-maven-3.0.3/repository/commons-beanutils/commons-beanutils/1.9.3/commons-beanutils-1.9.3.jar:/u01/soft/apache-maven-3.0.3/repository/commons-collections/commons-collections/3.2.2/commons-collections-3.2.2.jar:/u01/soft/apache-maven-3.0.3/repository/commons-digester/commons-digester/2.1/commons-digester-2.1.jar:/u01/soft/apache-maven-3.0.3/repository/org/apache/velocity/velocity/1.7/velocity-1.7.jar:/u01/soft/a
Launcher Type: SUN_STANDARD

Environment Variables:
PATH=/usr/bin:/bin:/usr/sbin:/sbin
SHELL=/bin/bash

Signal Handlers:
SIGSEGV: [libjvm.dylib+0x58ef95], sa_mask[0]=11111111011111110111111111111111, sa_flags=SA_ONSTACK|SA_RESTART|SA_SIGINFO
SIGBUS: [libjvm.dylib+0x58ef95], sa_mask[0]=11111111011111110111111111111111, sa_flags=SA_RESTART|SA_SIGINFO
SIGFPE: [libjvm.dylib+0x46c108], sa_mask[0]=11111111011111110111111111111111, sa_flags=SA_RESTART|SA_SIGINFO
SIGPIPE: [libjvm.dylib+0x46c108], sa_mask[0]=11111111011111110111111111111111, sa_flags=SA_RESTART|SA_SIGINFO
SIGXFSZ: [libjvm.dylib+0x46c108], sa_mask[0]=11111111011111110111111111111111, sa_flags=SA_RESTART|SA_SIGINFO
SIGILL: [libjvm.dylib+0x46c108], sa_mask[0]=11111111011111110111111111111111, sa_flags=SA_RESTART|SA_SIGINFO
SIGUSR1: SIG_DFL, sa_mask[0]=00000000000000000000000000000000, sa_flags=none
SIGUSR2: [libjvm.dylib+0x46bc26], sa_mask[0]=00100000000000000000000000000000, sa_flags=SA_RESTART|SA_SIGINFO
SIGHUP: [libjvm.dylib+0x46a1f9], sa_mask[0]=11111111011111110111111111111111, sa_flags=SA_RESTART|SA_SIGINFO
SIGINT: [libjvm.dylib+0x46a1f9], sa_mask[0]=11111111011111110111111111111111, sa_flags=SA_RESTART|SA_SIGINFO
SIGTERM: [libjvm.dylib+0x46a1f9], sa_mask[0]=11111111011111110111111111111111, sa_flags=SA_RESTART|SA_SIGINFO
SIGQUIT: [libjvm.dylib+0x46a1f9], sa_mask[0]=11111111011111110111111111111111, sa_flags=SA_RESTART|SA_SIGINFO


---------------  S Y S T E M  ---------------

OS:Bsduname:Darwin 14.5.0 Darwin Kernel Version 14.5.0: Tue Sep  1 21:23:09 PDT 2015; root:xnu-2782.50.1~1/RELEASE_X86_64 x86_64
rlimit: STACK 8192k, CORE 0k, NPROC 709, NOFILE 10240, AS infinity
load average:2.35 2.20 2.06

CPU:total 4 (2 cores per cpu, 2 threads per core) family 6 model 61 stepping 4, cmov, cx8, fxsr, mmx, sse, sse2, sse3, ssse3, sse4.1, sse4.2, popcnt, avx, avx2, aes, clmul, erms, 3dnowpref, lzcnt, ht, tsc, tscinvbit, bmi1, bmi2, adx

Memory: 4k page, physical 8388608k(1205504k free)

/proc/meminfo:


vm_info: Java HotSpot(TM) 64-Bit Server VM (25.45-b02) for bsd-amd64 JRE (1.8.0_45-b14), built on Apr 10 2015 10:46:38 by "java_re" with gcc 4.2.1 (Based on Apple Inc. build 5658) (LLVM build 2336.11.00)

time: Thu Nov  8 11:07:51 2018
elapsed time: 1050 seconds (0d 0h 17m 30s)

